[2024-11-15T22:08:27.526+0000] {local_task_job_runner.py:123} INFO - ::group::Pre task execution logs
[2024-11-15T22:08:27.572+0000] {taskinstance.py:2613} INFO - Dependencies all met for dep_context=non-requeueable deps ti=<TaskInstance: stock_sentiment_testinggg.process_data manual__2024-11-15T22:03:10.738187+00:00 [queued]>
[2024-11-15T22:08:27.585+0000] {taskinstance.py:2613} INFO - Dependencies all met for dep_context=requeueable deps ti=<TaskInstance: stock_sentiment_testinggg.process_data manual__2024-11-15T22:03:10.738187+00:00 [queued]>
[2024-11-15T22:08:27.586+0000] {taskinstance.py:2866} INFO - Starting attempt 2 of 2
[2024-11-15T22:08:27.605+0000] {taskinstance.py:2889} INFO - Executing <Task(PythonOperator): process_data> on 2024-11-15 22:03:10.738187+00:00
[2024-11-15T22:08:27.616+0000] {warnings.py:112} WARNING - /home/***/.local/lib/python3.12/site-packages/***/task/task_runner/standard_task_runner.py:70: DeprecationWarning: This process (pid=1602) is multi-threaded, use of fork() may lead to deadlocks in the child.
  pid = os.fork()

[2024-11-15T22:08:27.618+0000] {standard_task_runner.py:72} INFO - Started process 1604 to run task
[2024-11-15T22:08:27.618+0000] {standard_task_runner.py:104} INFO - Running: ['***', 'tasks', 'run', 'stock_sentiment_testinggg', 'process_data', 'manual__2024-11-15T22:03:10.738187+00:00', '--job-id', '253', '--raw', '--subdir', 'DAGS_FOLDER/ETL_saham_test.py', '--cfg-path', '/tmp/tmpfks28ppz']
[2024-11-15T22:08:27.620+0000] {standard_task_runner.py:105} INFO - Job 253: Subtask process_data
[2024-11-15T22:08:27.684+0000] {task_command.py:467} INFO - Running <TaskInstance: stock_sentiment_testinggg.process_data manual__2024-11-15T22:03:10.738187+00:00 [running]> on host 50375b572a3b
[2024-11-15T22:08:27.813+0000] {taskinstance.py:3132} INFO - Exporting env vars: AIRFLOW_CTX_DAG_OWNER='***' AIRFLOW_CTX_DAG_ID='stock_sentiment_testinggg' AIRFLOW_CTX_TASK_ID='process_data' AIRFLOW_CTX_EXECUTION_DATE='2024-11-15T22:03:10.738187+00:00' AIRFLOW_CTX_TRY_NUMBER='2' AIRFLOW_CTX_DAG_RUN_ID='manual__2024-11-15T22:03:10.738187+00:00'
[2024-11-15T22:08:27.816+0000] {logging_mixin.py:190} INFO - Task instance is in running state
[2024-11-15T22:08:27.817+0000] {logging_mixin.py:190} INFO -  Previous state of the Task instance: queued
[2024-11-15T22:08:27.820+0000] {logging_mixin.py:190} INFO - Current task name:process_data state:running start_date:2024-11-15 22:08:27.573560+00:00
[2024-11-15T22:08:27.822+0000] {logging_mixin.py:190} INFO - Dag name:stock_sentiment_testinggg and current dag run status:running
[2024-11-15T22:08:27.823+0000] {taskinstance.py:731} INFO - ::endgroup::
[2024-11-15T22:08:27.847+0000] {taskinstance.py:3311} ERROR - Task failed with exception
Traceback (most recent call last):
  File "/home/airflow/.local/lib/python3.12/site-packages/airflow/models/taskinstance.py", line 767, in _execute_task
    result = _execute_callable(context=context, **execute_callable_kwargs)
             ^^^^^^^^^^^^^^^^^^^^^^^^^^^^^^^^^^^^^^^^^^^^^^^^^^^^^^^^^^^^^
  File "/home/airflow/.local/lib/python3.12/site-packages/airflow/models/taskinstance.py", line 733, in _execute_callable
    return ExecutionCallableRunner(
           ^^^^^^^^^^^^^^^^^^^^^^^^
  File "/home/airflow/.local/lib/python3.12/site-packages/airflow/utils/operator_helpers.py", line 252, in run
    return self.func(*args, **kwargs)
           ^^^^^^^^^^^^^^^^^^^^^^^^^^
  File "/home/airflow/.local/lib/python3.12/site-packages/airflow/models/baseoperator.py", line 417, in wrapper
    return func(self, *args, **kwargs)
           ^^^^^^^^^^^^^^^^^^^^^^^^^^^
  File "/home/airflow/.local/lib/python3.12/site-packages/airflow/operators/python.py", line 238, in execute
    return_value = self.execute_callable()
                   ^^^^^^^^^^^^^^^^^^^^^^^
  File "/home/airflow/.local/lib/python3.12/site-packages/airflow/operators/python.py", line 256, in execute_callable
    return runner.run(*self.op_args, **self.op_kwargs)
           ^^^^^^^^^^^^^^^^^^^^^^^^^^^^^^^^^^^^^^^^^^^
  File "/home/airflow/.local/lib/python3.12/site-packages/airflow/utils/operator_helpers.py", line 252, in run
    return self.func(*args, **kwargs)
           ^^^^^^^^^^^^^^^^^^^^^^^^^^
  File "/opt/airflow/dags/ETL_saham_test.py", line 68, in process_data
    df_stock = process_stock_data(data_stock)
               ^^^^^^^^^^^^^^^^^^^^^^^^^^^^^^
  File "/opt/airflow/dags/ETL_saham_test.py", line 81, in process_stock_data
    df_stock = pd.DataFrame.from_dict(data_stock['Time Series (Daily)'], orient='index')
                                      ~~~~~~~~~~^^^^^^^^^^^^^^^^^^^^^^^
TypeError: 'NoneType' object is not subscriptable
[2024-11-15T22:08:27.872+0000] {logging_mixin.py:190} INFO - Task instance in failure state
[2024-11-15T22:08:27.873+0000] {logging_mixin.py:190} INFO - Task start:2024-11-15 22:08:27.573560+00:00 end:2024-11-15 22:08:27.871149+00:00 duration:0.297589
[2024-11-15T22:08:27.876+0000] {logging_mixin.py:190} INFO - Task:<Task(PythonOperator): process_data> dag:<DAG: stock_sentiment_testinggg> dagrun:<DagRun stock_sentiment_testinggg @ 2024-11-15 22:03:10.738187+00:00: manual__2024-11-15T22:03:10.738187+00:00, state:running, queued_at: 2024-11-15 22:03:10.772936+00:00. externally triggered: True>
[2024-11-15T22:08:27.877+0000] {logging_mixin.py:190} INFO - Failure caused by 'NoneType' object is not subscriptable
[2024-11-15T22:08:27.878+0000] {taskinstance.py:1225} INFO - Marking task as FAILED. dag_id=stock_sentiment_testinggg, task_id=process_data, run_id=manual__2024-11-15T22:03:10.738187+00:00, execution_date=20241115T220310, start_date=20241115T220827, end_date=20241115T220827
[2024-11-15T22:08:27.899+0000] {taskinstance.py:340} INFO - ::group::Post task execution logs
[2024-11-15T22:08:27.901+0000] {standard_task_runner.py:124} ERROR - Failed to execute job 253 for task process_data ('NoneType' object is not subscriptable; 1604)
Traceback (most recent call last):
  File "/home/airflow/.local/lib/python3.12/site-packages/airflow/task/task_runner/standard_task_runner.py", line 117, in _start_by_fork
    ret = args.func(args, dag=self.dag)
          ^^^^^^^^^^^^^^^^^^^^^^^^^^^^^
  File "/home/airflow/.local/lib/python3.12/site-packages/airflow/cli/cli_config.py", line 49, in command
    return func(*args, **kwargs)
           ^^^^^^^^^^^^^^^^^^^^^
  File "/home/airflow/.local/lib/python3.12/site-packages/airflow/utils/cli.py", line 116, in wrapper
    return f(*args, **kwargs)
           ^^^^^^^^^^^^^^^^^^
  File "/home/airflow/.local/lib/python3.12/site-packages/airflow/cli/commands/task_command.py", line 483, in task_run
    task_return_code = _run_task_by_selected_method(args, _dag, ti)
                       ^^^^^^^^^^^^^^^^^^^^^^^^^^^^^^^^^^^^^^^^^^^^
  File "/home/airflow/.local/lib/python3.12/site-packages/airflow/cli/commands/task_command.py", line 256, in _run_task_by_selected_method
    return _run_raw_task(args, ti)
           ^^^^^^^^^^^^^^^^^^^^^^^
  File "/home/airflow/.local/lib/python3.12/site-packages/airflow/cli/commands/task_command.py", line 341, in _run_raw_task
    return ti._run_raw_task(
           ^^^^^^^^^^^^^^^^^
  File "/home/airflow/.local/lib/python3.12/site-packages/airflow/utils/session.py", line 97, in wrapper
    return func(*args, session=session, **kwargs)
           ^^^^^^^^^^^^^^^^^^^^^^^^^^^^^^^^^^^^^^
  File "/home/airflow/.local/lib/python3.12/site-packages/airflow/models/taskinstance.py", line 3005, in _run_raw_task
    return _run_raw_task(
           ^^^^^^^^^^^^^^
  File "/home/airflow/.local/lib/python3.12/site-packages/airflow/models/taskinstance.py", line 273, in _run_raw_task
    TaskInstance._execute_task_with_callbacks(
  File "/home/airflow/.local/lib/python3.12/site-packages/airflow/models/taskinstance.py", line 3159, in _execute_task_with_callbacks
    result = self._execute_task(context, task_orig)
             ^^^^^^^^^^^^^^^^^^^^^^^^^^^^^^^^^^^^^^
  File "/home/airflow/.local/lib/python3.12/site-packages/airflow/models/taskinstance.py", line 3183, in _execute_task
    return _execute_task(self, context, task_orig)
           ^^^^^^^^^^^^^^^^^^^^^^^^^^^^^^^^^^^^^^^
  File "/home/airflow/.local/lib/python3.12/site-packages/airflow/models/taskinstance.py", line 767, in _execute_task
    result = _execute_callable(context=context, **execute_callable_kwargs)
             ^^^^^^^^^^^^^^^^^^^^^^^^^^^^^^^^^^^^^^^^^^^^^^^^^^^^^^^^^^^^^
  File "/home/airflow/.local/lib/python3.12/site-packages/airflow/models/taskinstance.py", line 733, in _execute_callable
    return ExecutionCallableRunner(
           ^^^^^^^^^^^^^^^^^^^^^^^^
  File "/home/airflow/.local/lib/python3.12/site-packages/airflow/utils/operator_helpers.py", line 252, in run
    return self.func(*args, **kwargs)
           ^^^^^^^^^^^^^^^^^^^^^^^^^^
  File "/home/airflow/.local/lib/python3.12/site-packages/airflow/models/baseoperator.py", line 417, in wrapper
    return func(self, *args, **kwargs)
           ^^^^^^^^^^^^^^^^^^^^^^^^^^^
  File "/home/airflow/.local/lib/python3.12/site-packages/airflow/operators/python.py", line 238, in execute
    return_value = self.execute_callable()
                   ^^^^^^^^^^^^^^^^^^^^^^^
  File "/home/airflow/.local/lib/python3.12/site-packages/airflow/operators/python.py", line 256, in execute_callable
    return runner.run(*self.op_args, **self.op_kwargs)
           ^^^^^^^^^^^^^^^^^^^^^^^^^^^^^^^^^^^^^^^^^^^
  File "/home/airflow/.local/lib/python3.12/site-packages/airflow/utils/operator_helpers.py", line 252, in run
    return self.func(*args, **kwargs)
           ^^^^^^^^^^^^^^^^^^^^^^^^^^
  File "/opt/airflow/dags/ETL_saham_test.py", line 68, in process_data
    df_stock = process_stock_data(data_stock)
               ^^^^^^^^^^^^^^^^^^^^^^^^^^^^^^
  File "/opt/airflow/dags/ETL_saham_test.py", line 81, in process_stock_data
    df_stock = pd.DataFrame.from_dict(data_stock['Time Series (Daily)'], orient='index')
                                      ~~~~~~~~~~^^^^^^^^^^^^^^^^^^^^^^^
TypeError: 'NoneType' object is not subscriptable
[2024-11-15T22:08:27.955+0000] {local_task_job_runner.py:266} INFO - Task exited with return code 1
[2024-11-15T22:08:27.995+0000] {taskinstance.py:3895} INFO - 0 downstream tasks scheduled from follow-on schedule check
[2024-11-15T22:08:27.999+0000] {local_task_job_runner.py:245} INFO - ::endgroup::
